********************************************************************************
DUPLICATOR-LITE PACKAGE-LOG: June 19, 2021 3:45 pm
NOTICE: Do NOT post to public sites or forums 
********************************************************************************
VERSION:	1.4.1
WORDPRESS:	5.7.2
PHP INFO:	7.3.28 | SAPI: apache2handler
SERVER:		Apache/2.4.47 (Win64) OpenSSL/1.1.1k PHP/7.3.28 
PHP TIME LIMIT: (0) no time limit imposed 
PHP MAX MEMORY: 4294967296 (512M default) 
MEMORY STACK: 6MB

********************************************************************************
DATABASE:
********************************************************************************
BUILD MODE:   MYSQLDUMP
MYSQLTIMEOUT: 5000
MYSQLDUMP:    Is Supported
SQL CREATED: 20210619_dotnet_838aa81d7b35f5608679_20210619154423_database.sql
SQL FILE SIZE: 3.26MB (3415184)
SQL FILE TIME: 2021-06-19 15:45:12
SQL RUNTIME: 3.35 sec.

********************************************************************************
ARCHIVE (ZIP):
********************************************************************************
ARCHIVE DIR:  C:/xampp/htdocs/dot
ARCHIVE FILE: 20210619_dotnet_838aa81d7b35f5608679_20210619154423_archive.zip
FILTERS: *OFF*
DIRS:
	not set
FILES:
	not set
EXTS:  not set
----------------------------------------
COMPRESSING
SIZE:	152.36MB
STATS:	Dirs 808 | Files 7,134
SQL ADDED: 20210619_dotnet_838aa81d7b35f5608679_20210619154423_database.sql
ZipArchive Object
(
    [status] => 0
    [statusSys] => 0
    [numFiles] => 7942
    [filename] => C:\xampp\htdocs\dot\wp-content\backups-dup-lite\tmp\20210619_dotnet_838aa81d7b35f5608679_20210619154423_archive.zip
    [comment] => 
)

FILE ADDED TO ZIP: 7941
COMPRESSION RESULT: '1'
COMPRESSED SIZE: 92.1MB
ARCHIVE RUNTIME: 63.37 sec.
MEMORY STACK: 8MB
building installer
add_extra_files1
add_extra_files2
add_extra_files3
add_extra_files4
Doing archive file check
add_extra_files5
add_extra_files6
add_extra_files8
Successfully opened zip C:/xampp/htdocs/dot/wp-content/backups-dup-lite/tmp/20210619_dotnet_838aa81d7b35f5608679_20210619154423_archive.zip
Adding enhanced installer files to archive using ZipArchive
Installer files added to archive
Added to archive
After ziparchive close when adding installer

********************************************************************************
INTEGRITY CHECKS:
********************************************************************************
SQL FILE: 3.26MB
INSTALLER FILE: 64.14KB
ARCHIVE FILE: 93.48MB 
EXPECTED FILE/DIRECTORY COUNT: 7,942
ACTUAL FILE/DIRECTORY COUNT: 7,941
ARCHIVE CONSISTENCY TEST: Pass

********************************************************************************
RECORD ID:[1]
TOTAL PROCESS RUNTIME: 68.80 sec.
PEAK PHP MEMORY USED: 10MB
DONE PROCESSING => 20210619_dotnet June 19, 2021 3:46 pm

